<?xml version="1.0" encoding="UTF-8"?>
<!-- Generated by org.testng.reporters.JUnitXMLReporter -->
<testsuite ignored="0" hostname="Mahesh" failures="0" tests="6" name="Default test" time="16.5" errors="0" timestamp="2024-12-27T23:14:31 IST">
  <testcase classname="api.test.DDTests" name="testPostUser" time="6.801"/>
  <testcase classname="api.test.DDTests" name="testPostUser" time="1.599"/>
  <testcase classname="api.test.DDTests" name="testPostUser" time="1.457"/>
  <testcase classname="api.test.DDTests" name="testDeleteUserByName" time="1.4"/>
  <testcase classname="api.test.DDTests" name="testDeleteUserByName" time="1.173"/>
  <testcase classname="api.test.DDTests" name="testDeleteUserByName" time="1.217"/>
</testsuite> <!-- Default test -->
