<?xml version="1.0" encoding="UTF-8"?>
<!-- Generated by org.testng.reporters.JUnitXMLReporter -->
<testsuite ignored="0" hostname="Mahesh" failures="0" tests="4" name="PetTests" time="9.512" errors="0" timestamp="2024-12-28T00:22:36 IST">
  <testcase classname="api.test.UserTests" name="testPostUser" time="3.753"/>
  <testcase classname="api.test.UserTests" name="testGetUserByName" time="1.161"/>
  <testcase classname="api.test.UserTests" name="testUpdateUserByName" time="2.344"/>
  <testcase classname="api.test.UserTests" name="testDeleteUserByName" time="1.117"/>
</testsuite> <!-- PetTests -->
