<?xml version="1.0" encoding="UTF-8"?>
<!-- Generated by org.testng.reporters.JUnitXMLReporter -->
<testsuite ignored="0" hostname="Mahesh" failures="0" tests="4" name="PetTests" time="10.175" errors="0" timestamp="2024-12-27T23:54:29 IST">
  <testcase classname="api.test.UserTests" name="testPostUser" time="3.962"/>
  <testcase classname="api.test.UserTests" name="testGetUserByName" time="1.232"/>
  <testcase classname="api.test.UserTests" name="testUpdateUserByName" time="2.381"/>
  <testcase classname="api.test.UserTests" name="testDeleteUserByName" time="1.169"/>
</testsuite> <!-- PetTests -->
